<?xml version="1.0" encoding="UTF-8"?>
<!-- Generated by org.testng.reporters.JUnitReportReporter -->
<testsuite hostname="sunil-VirtualBox" failures="0" tests="1" name="Testing.PerformanceTest" time="0.093" errors="0" timestamp="2023-11-02T18:38:21 IST" skipped="0">
  <testcase classname="Testing.PerformanceTest" name="measureLoadTime" time="0.093"/>
</testsuite> <!-- Testing.PerformanceTest -->
