<?xml version="1.0" encoding="UTF-8"?>
<!-- Generated by org.testng.reporters.JUnitReportReporter -->
<testsuite hostname="sunil-VirtualBox" failures="0" tests="1" name="Testing.PerformanceTest" time="0.328" errors="0" timestamp="2023-11-03T14:43:25 IST" skipped="0">
  <testcase classname="Testing.PerformanceTest" name="measureLoadTime" time="0.328"/>
</testsuite> <!-- Testing.PerformanceTest -->
